{"/home/simone/Repos/can.js/index.js":{"path":"/home/simone/Repos/can.js/index.js","s":{"1":1,"2":1,"3":1,"4":1,"5":1,"6":1,"7":1,"8":25,"9":25,"10":25,"11":69,"12":28,"13":41,"14":41,"15":59,"16":20,"17":39,"18":39,"19":39,"20":1,"21":38,"22":38,"23":2,"24":2,"25":36,"26":39,"27":39,"28":36,"29":13,"30":23,"31":36,"32":24,"33":1,"34":5},"b":{"1":[28,41],"2":[69,44],"3":[20,39],"4":[59,34],"5":[1,38],"6":[2,36],"7":[13,23]},"f":{"1":1,"2":25,"3":69,"4":59,"5":39,"6":5},"fnMap":{"1":{"name":"Can","line":42,"loc":{"start":{"line":42,"column":0},"end":{"line":42,"column":22}}},"2":{"name":"(anonymous_2)","line":54,"loc":{"start":{"line":54,"column":22},"end":{"line":54,"column":75}}},"3":{"name":"(anonymous_3)","line":58,"loc":{"start":{"line":58,"column":43},"end":{"line":58,"column":67}}},"4":{"name":"(anonymous_4)","line":67,"loc":{"start":{"line":67,"column":53},"end":{"line":67,"column":77}}},"5":{"name":"runner","line":89,"loc":{"start":{"line":89,"column":32},"end":{"line":89,"column":52}}},"6":{"name":"(anonymous_6)","line":114,"loc":{"start":{"line":114,"column":23},"end":{"line":114,"column":76}}}},"statementMap":{"1":{"start":{"line":32,"column":0},"end":{"line":32,"column":31}},"2":{"start":{"line":33,"column":0},"end":{"line":33,"column":39}},"3":{"start":{"line":34,"column":0},"end":{"line":34,"column":26}},"4":{"start":{"line":36,"column":0},"end":{"line":36,"column":21}},"5":{"start":{"line":42,"column":0},"end":{"line":44,"column":1}},"6":{"start":{"line":43,"column":2},"end":{"line":43,"column":24}},"7":{"start":{"line":54,"column":0},"end":{"line":107,"column":2}},"8":{"start":{"line":55,"column":2},"end":{"line":55,"column":28}},"9":{"start":{"line":56,"column":2},"end":{"line":56,"column":25}},"10":{"start":{"line":58,"column":2},"end":{"line":104,"column":5}},"11":{"start":{"line":60,"column":4},"end":{"line":63,"column":5}},"12":{"start":{"line":62,"column":6},"end":{"line":62,"column":19}},"13":{"start":{"line":65,"column":4},"end":{"line":65,"column":48}},"14":{"start":{"line":67,"column":4},"end":{"line":102,"column":7}},"15":{"start":{"line":69,"column":6},"end":{"line":72,"column":7}},"16":{"start":{"line":71,"column":8},"end":{"line":71,"column":21}},"17":{"start":{"line":74,"column":6},"end":{"line":74,"column":50}},"18":{"start":{"line":76,"column":6},"end":{"line":76,"column":52}},"19":{"start":{"line":78,"column":6},"end":{"line":80,"column":7}},"20":{"start":{"line":79,"column":8},"end":{"line":79,"column":106}},"21":{"start":{"line":82,"column":6},"end":{"line":82,"column":45}},"22":{"start":{"line":84,"column":6},"end":{"line":87,"column":7}},"23":{"start":{"line":85,"column":8},"end":{"line":85,"column":75}},"24":{"start":{"line":86,"column":8},"end":{"line":86,"column":21}},"25":{"start":{"line":89,"column":6},"end":{"line":92,"column":9}},"26":{"start":{"line":90,"column":8},"end":{"line":90,"column":50}},"27":{"start":{"line":91,"column":8},"end":{"line":91,"column":38}},"28":{"start":{"line":94,"column":6},"end":{"line":98,"column":7}},"29":{"start":{"line":95,"column":8},"end":{"line":95,"column":48}},"30":{"start":{"line":97,"column":8},"end":{"line":97,"column":76}},"31":{"start":{"line":100,"column":6},"end":{"line":100,"column":20}},"32":{"start":{"line":106,"column":2},"end":{"line":106,"column":20}},"33":{"start":{"line":114,"column":0},"end":{"line":116,"column":2}},"34":{"start":{"line":115,"column":2},"end":{"line":115,"column":161}}},"branchMap":{"1":{"line":60,"type":"if","locations":[{"start":{"line":60,"column":4},"end":{"line":60,"column":4}},{"start":{"line":60,"column":4},"end":{"line":60,"column":4}}]},"2":{"line":60,"type":"binary-expr","locations":[{"start":{"line":60,"column":8},"end":{"line":60,"column":28}},{"start":{"line":60,"column":32},"end":{"line":60,"column":59}}]},"3":{"line":69,"type":"if","locations":[{"start":{"line":69,"column":6},"end":{"line":69,"column":6}},{"start":{"line":69,"column":6},"end":{"line":69,"column":6}}]},"4":{"line":69,"type":"binary-expr","locations":[{"start":{"line":69,"column":10},"end":{"line":69,"column":30}},{"start":{"line":69,"column":34},"end":{"line":69,"column":61}}]},"5":{"line":78,"type":"if","locations":[{"start":{"line":78,"column":6},"end":{"line":78,"column":6}},{"start":{"line":78,"column":6},"end":{"line":78,"column":6}}]},"6":{"line":84,"type":"if","locations":[{"start":{"line":84,"column":6},"end":{"line":84,"column":6}},{"start":{"line":84,"column":6},"end":{"line":84,"column":6}}]},"7":{"line":94,"type":"if","locations":[{"start":{"line":94,"column":6},"end":{"line":94,"column":6}},{"start":{"line":94,"column":6},"end":{"line":94,"column":6}}]}}}}