TN:
SF:/home/simone/Repos/can.js/index.js
FN:42,Can
FN:54,(anonymous_2)
FN:58,(anonymous_3)
FN:67,(anonymous_4)
FN:89,runner
FN:114,(anonymous_6)
FNF:6
FNH:6
FNDA:1,Can
FNDA:25,(anonymous_2)
FNDA:69,(anonymous_3)
FNDA:59,(anonymous_4)
FNDA:39,runner
FNDA:5,(anonymous_6)
DA:32,1
DA:33,1
DA:34,1
DA:36,1
DA:42,1
DA:43,1
DA:54,1
DA:55,25
DA:56,25
DA:58,25
DA:60,69
DA:62,28
DA:65,41
DA:67,41
DA:69,59
DA:71,20
DA:74,39
DA:76,39
DA:78,39
DA:79,1
DA:82,38
DA:84,38
DA:85,2
DA:86,2
DA:89,36
DA:90,39
DA:91,39
DA:94,36
DA:95,13
DA:97,23
DA:100,36
DA:106,24
DA:114,1
DA:115,5
LF:34
LH:34
BRDA:60,1,0,28
BRDA:60,1,1,41
BRDA:60,2,0,69
BRDA:60,2,1,44
BRDA:69,3,0,20
BRDA:69,3,1,39
BRDA:69,4,0,59
BRDA:69,4,1,34
BRDA:78,5,0,1
BRDA:78,5,1,38
BRDA:84,6,0,2
BRDA:84,6,1,36
BRDA:94,7,0,13
BRDA:94,7,1,23
BRF:14
BRH:14
end_of_record
